[2013-03-16 09:26:46] START
[2013-03-16 09:26:46] EDIT welcome/controllers/default.py: 2
[2014-08-14 22:53:18] EDIT taratorka/models/menu.py: 0
[2014-08-14 22:53:20] EDIT taratorka/models/menu.py: 0
[2014-08-14 23:20:31] EDIT taratorka/controllers/default.py: 0
[2014-08-14 23:22:44] EDIT taratorka/controllers/default.py: 1
[2014-08-14 23:24:59] EDIT taratorka/controllers/default.py: 0
[2014-08-14 23:25:00] EDIT taratorka/controllers/default.py: 0
[2014-08-14 23:25:00] EDIT taratorka/controllers/default.py: 0
[2014-08-14 23:31:27] EDIT taratorka/models/menu.py: 0
[2014-08-14 23:31:28] EDIT taratorka/models/menu.py: 0
[2014-08-14 23:31:28] EDIT taratorka/models/menu.py: 0
[2014-08-14 23:43:10] EDIT taratorka/controllers/default.py: 0
[2014-08-14 23:43:12] EDIT taratorka/controllers/default.py: 0
[2014-08-14 23:44:28] EDIT taratorka/views/default/index.html: -1
[2014-08-14 23:45:21] EDIT taratorka/controllers/default.py: 0
[2014-08-14 23:45:22] EDIT taratorka/controllers/default.py: 0
[2014-08-14 23:45:22] EDIT taratorka/controllers/default.py: 0
[2014-08-14 23:45:22] EDIT taratorka/controllers/default.py: 0
[2014-08-14 23:45:22] EDIT taratorka/controllers/default.py: 0
[2014-08-14 23:49:07] EDIT taratorka/controllers/default.py: 0
[2014-08-14 23:49:35] EDIT taratorka/views/default/posts_manage.html: -1
[2014-08-14 23:49:51] EDIT taratorka/views/default/chat_hannels_manage.html: -1
[2014-08-14 23:51:01] EDIT taratorka/controllers/default.py: 0
[2014-08-14 23:53:03] EDIT taratorka/views/default/index.html: 0
[2014-08-14 23:53:29] EDIT taratorka/views/default/posts_manage.html: 1
[2014-08-14 23:53:41] EDIT taratorka/views/default/chat_hannels_manage.html: 1
[2014-08-15 00:47:52] EDIT taratorka/views/default/posts_manage.html: 1
[2014-08-15 00:47:55] EDIT taratorka/views/default/posts_manage.html: 0
[2014-08-15 00:51:11] EDIT taratorka/views/default/posts_manage.html: 1
[2014-08-15 00:51:36] EDIT taratorka/views/default/posts_manage.html: 0
[2014-08-15 00:53:29] EDIT taratorka/views/default/posts_manage.html: 0
[2014-08-15 00:56:26] EDIT taratorka/views/default/posts_manage.html: 0
[2014-08-15 00:56:56] EDIT taratorka/views/default/posts_manage.html: 0
[2014-08-15 00:57:16] EDIT taratorka/views/default/posts_manage.html: 0
[2014-08-15 00:58:36] EDIT taratorka/views/default/posts_manage.html: 1
[2014-08-15 01:00:43] EDIT taratorka/views/default/posts_manage.html: 0
[2014-08-15 01:23:22] EDIT taratorka/controllers/default.py: 3
[2014-08-15 01:24:17] EDIT taratorka/controllers/default.py: 0
[2014-08-15 01:25:23] EDIT taratorka/models/menu.py: 0
[2014-08-15 01:25:25] EDIT taratorka/controllers/default.py: 0
[2014-08-15 01:25:26] EDIT taratorka/controllers/default.py: 0
[2014-08-15 01:25:26] EDIT taratorka/controllers/default.py: 0
[2014-08-15 01:25:26] EDIT taratorka/controllers/default.py: 0
[2014-08-15 01:25:26] EDIT taratorka/controllers/default.py: 0
[2014-08-15 01:30:03] EDIT taratorka/controllers/default.py: 0
[2014-08-15 01:30:04] EDIT taratorka/controllers/default.py: 0
[2014-08-15 01:30:04] EDIT taratorka/controllers/default.py: 0
[2014-08-15 01:30:05] EDIT taratorka/controllers/default.py: 0
[2014-08-15 01:30:06] EDIT taratorka/controllers/default.py: 0
[2014-08-15 01:30:06] EDIT taratorka/controllers/default.py: 0
[2014-08-15 01:30:06] EDIT taratorka/controllers/default.py: 0
[2014-08-15 01:30:07] EDIT taratorka/controllers/default.py: 0
[2014-08-15 01:30:07] EDIT taratorka/controllers/default.py: 0
[2014-08-15 01:30:07] EDIT taratorka/controllers/default.py: 0
[2014-08-15 01:30:07] EDIT taratorka/controllers/default.py: 0
[2014-08-15 01:30:07] EDIT taratorka/controllers/default.py: 0
[2014-08-15 01:30:08] EDIT taratorka/controllers/default.py: 0
[2014-08-15 01:36:19] EDIT taratorka/controllers/default.py: 0
[2014-08-15 01:38:01] EDIT taratorka/views/default/posts_manage.html: 1
[2014-08-15 01:38:02] EDIT taratorka/views/default/posts_manage.html: 0
[2014-08-15 01:38:02] EDIT taratorka/views/default/posts_manage.html: 0
[2014-08-15 01:38:21] EDIT taratorka/views/default/posts_manage.html: 0
[2014-08-15 01:38:21] EDIT taratorka/views/default/posts_manage.html: 0
[2014-08-15 01:38:21] EDIT taratorka/views/default/posts_manage.html: 0
[2014-08-15 01:38:22] EDIT taratorka/views/default/posts_manage.html: 0
[2014-08-15 01:38:24] EDIT taratorka/controllers/default.py: 0
[2014-08-15 01:38:24] EDIT taratorka/controllers/default.py: 0
[2014-08-15 01:38:24] EDIT taratorka/controllers/default.py: 0
[2014-08-15 01:38:24] EDIT taratorka/controllers/default.py: 0
[2014-08-15 01:42:54] EDIT taratorka/views/default/posts_manage.html: 2
[2014-08-15 01:42:55] EDIT taratorka/views/default/posts_manage.html: 0
[2014-08-15 01:42:55] EDIT taratorka/views/default/posts_manage.html: 0
[2014-08-15 01:42:55] EDIT taratorka/views/default/posts_manage.html: 0
[2014-08-15 01:42:55] EDIT taratorka/views/default/posts_manage.html: 0
[2014-08-15 01:42:56] EDIT taratorka/views/default/posts_manage.html: 0
[2014-08-15 01:42:56] EDIT taratorka/views/default/posts_manage.html: 0
[2014-08-15 01:42:56] EDIT taratorka/views/default/posts_manage.html: 0
[2014-08-15 01:42:56] EDIT taratorka/views/default/posts_manage.html: 0
[2014-08-15 01:42:56] EDIT taratorka/views/default/posts_manage.html: 0
[2014-08-15 01:42:57] EDIT taratorka/views/default/posts_manage.html: 0
[2014-08-15 01:42:57] EDIT taratorka/views/default/posts_manage.html: 0
[2014-08-15 01:42:57] EDIT taratorka/views/default/posts_manage.html: 0
[2014-08-15 01:42:57] EDIT taratorka/views/default/posts_manage.html: 0
[2014-08-15 01:44:48] EDIT taratorka/views/default/posts_manage.html: 1
[2014-08-15 01:44:48] EDIT taratorka/views/default/posts_manage.html: 0
[2014-08-15 01:44:48] EDIT taratorka/views/default/posts_manage.html: 0
[2014-08-15 01:44:50] EDIT taratorka/views/default/posts_manage.html: 0
[2014-08-15 01:44:50] EDIT taratorka/views/default/posts_manage.html: 0
[2014-08-15 01:44:50] EDIT taratorka/views/default/posts_manage.html: 0
[2014-08-15 01:44:51] EDIT taratorka/views/default/posts_manage.html: 0
[2014-08-15 01:44:52] EDIT taratorka/views/default/posts_manage.html: 0
[2014-08-15 01:44:52] EDIT taratorka/views/default/posts_manage.html: 0
[2014-08-15 01:44:53] EDIT taratorka/views/default/posts_manage.html: 0
[2014-08-15 01:45:07] EDIT taratorka/views/default/posts_manage.html: 0
[2014-08-15 01:58:30] EDIT taratorka/views/default/posts_manage.html: 0
[2014-08-15 01:58:31] EDIT taratorka/views/default/posts_manage.html: 0
[2014-08-15 01:58:32] EDIT taratorka/views/default/posts_manage.html: 0
[2014-08-15 01:58:32] EDIT taratorka/views/default/posts_manage.html: 0
[2014-08-15 01:58:32] EDIT taratorka/views/default/posts_manage.html: 0
[2014-08-15 01:58:32] EDIT taratorka/views/default/posts_manage.html: 0
[2014-08-15 01:58:33] EDIT taratorka/views/default/posts_manage.html: 0
[2014-08-15 01:58:33] EDIT taratorka/views/default/posts_manage.html: 0
[2014-08-15 01:58:33] EDIT taratorka/views/default/posts_manage.html: 0
[2014-08-15 01:58:33] EDIT taratorka/views/default/posts_manage.html: 0
[2014-08-15 01:58:33] EDIT taratorka/views/default/posts_manage.html: 0
[2014-08-15 02:00:47] EDIT taratorka/controllers/default.py: 0
[2014-08-15 02:00:47] EDIT taratorka/controllers/default.py: 0
[2014-08-15 02:00:47] EDIT taratorka/controllers/default.py: 0
[2014-08-15 02:00:47] EDIT taratorka/controllers/default.py: 0
[2014-08-15 02:00:48] EDIT taratorka/controllers/default.py: 0
[2014-08-15 02:00:48] EDIT taratorka/controllers/default.py: 0
[2014-08-15 02:01:27] EDIT taratorka/controllers/default.py: 0
[2014-08-15 02:01:27] EDIT taratorka/controllers/default.py: 0
[2014-08-15 02:01:28] EDIT taratorka/controllers/default.py: 0
[2014-08-15 02:02:13] EDIT taratorka/controllers/default.py: 1
[2014-08-15 02:02:14] EDIT taratorka/controllers/default.py: 0
[2014-08-15 02:02:54] EDIT taratorka/controllers/default.py: 0
[2014-08-17 13:11:38] EDIT taratorka/models/db_wizard.py: 0
[2014-08-17 13:12:47] EDIT taratorka/models/db_wizard.py: 0
[2014-08-17 13:13:09] EDIT taratorka/models/db_wizard.py: 0
[2014-08-17 13:13:35] EDIT taratorka/models/db_wizard_populate.py: 0
[2014-08-17 13:17:18] EDIT taratorka/models/db_wizard.py: 0
[2014-08-17 13:17:39] EDIT taratorka/models/db_wizard_populate.py: 0
[2014-08-17 13:39:21] EDIT taratorka/controllers/default.py: 1
[2014-08-17 13:39:22] EDIT taratorka/controllers/default.py: 0
[2014-08-17 13:41:49] EDIT taratorka/controllers/default.py: 0
[2014-08-17 13:41:50] EDIT taratorka/controllers/default.py: 0
[2014-08-17 13:41:50] EDIT taratorka/controllers/default.py: 0
[2014-08-17 13:41:50] EDIT taratorka/controllers/default.py: 0
[2014-08-17 13:41:51] EDIT taratorka/controllers/default.py: 0
[2014-08-17 13:44:43] EDIT taratorka/controllers/default.py: 0
[2014-08-17 13:44:45] EDIT taratorka/controllers/default.py: 0
[2014-08-17 13:44:46] EDIT taratorka/controllers/default.py: 0
[2014-08-17 13:44:46] EDIT taratorka/controllers/default.py: 0
[2014-08-17 13:44:46] EDIT taratorka/controllers/default.py: 0
[2014-08-17 13:46:34] EDIT taratorka/controllers/default.py: 0
[2014-08-17 13:46:35] EDIT taratorka/controllers/default.py: 0
[2014-08-17 13:46:35] EDIT taratorka/controllers/default.py: 0
[2014-08-17 13:46:35] EDIT taratorka/controllers/default.py: 0
[2014-08-17 13:46:36] EDIT taratorka/controllers/default.py: 0
[2014-08-17 13:48:11] EDIT taratorka/controllers/default.py: 0
[2014-08-17 13:48:12] EDIT taratorka/controllers/default.py: 0
[2014-08-17 13:48:12] EDIT taratorka/controllers/default.py: 0
[2014-08-17 13:48:12] EDIT taratorka/controllers/default.py: 0
[2014-08-17 13:48:12] EDIT taratorka/controllers/default.py: 0
[2014-08-17 13:50:11] EDIT taratorka/controllers/default.py: 0
[2014-08-17 13:50:12] EDIT taratorka/controllers/default.py: 0
[2014-08-17 13:50:12] EDIT taratorka/controllers/default.py: 0
[2014-08-17 13:50:12] EDIT taratorka/controllers/default.py: 0
[2014-08-17 14:26:57] EDIT taratorka/controllers/default.py: 4
[2014-08-17 14:27:16] EDIT taratorka/controllers/default.py: 0
[2014-08-17 14:28:36] EDIT taratorka/controllers/default.py: 0
[2014-08-17 14:28:36] EDIT taratorka/controllers/default.py: 0
[2014-08-17 14:28:37] EDIT taratorka/controllers/default.py: 0
[2014-08-17 14:28:37] EDIT taratorka/controllers/default.py: 0
[2014-08-17 14:28:47] EDIT taratorka/controllers/default.py: 0
[2014-08-17 14:28:49] EDIT taratorka/controllers/default.py: 0
[2014-08-17 14:28:49] EDIT taratorka/controllers/default.py: 0
[2014-08-17 14:30:23] EDIT taratorka/controllers/default.py: 0
[2014-08-17 14:30:24] EDIT taratorka/controllers/default.py: 0
[2014-08-17 14:32:06] EDIT taratorka/controllers/default.py: 0
[2014-08-17 14:32:58] EDIT taratorka/controllers/default.py: 0
[2014-08-17 14:33:47] EDIT taratorka/controllers/default.py: 0
[2014-08-17 14:33:47] EDIT taratorka/controllers/default.py: 0
[2014-08-17 14:33:48] EDIT taratorka/controllers/default.py: 0
[2014-08-17 14:35:23] EDIT taratorka/views/default/posts_manage.html: 0
[2014-08-17 14:35:47] EDIT taratorka/controllers/default.py: 0
[2014-08-17 14:36:42] EDIT taratorka/views/default/posts_manage.html: 0
[2014-08-17 14:36:42] EDIT taratorka/views/default/posts_manage.html: 0
[2014-08-17 14:36:42] EDIT taratorka/views/default/posts_manage.html: 0
[2014-08-17 14:36:42] EDIT taratorka/views/default/posts_manage.html: 0
[2014-08-17 14:36:54] EDIT taratorka/views/default/posts_manage.html: 0
[2014-08-17 14:36:55] EDIT taratorka/views/default/posts_manage.html: 0
[2014-08-17 14:36:55] EDIT taratorka/views/default/posts_manage.html: 0
[2014-08-17 14:37:04] EDIT taratorka/controllers/default.py: 0
[2014-08-17 14:37:04] EDIT taratorka/controllers/default.py: 0
[2014-08-17 14:37:05] EDIT taratorka/controllers/default.py: 0
[2014-08-17 14:37:05] EDIT taratorka/controllers/default.py: 0
[2014-08-17 14:37:05] EDIT taratorka/controllers/default.py: 0
[2014-08-17 14:37:05] EDIT taratorka/controllers/default.py: 0
[2014-08-17 14:37:05] EDIT taratorka/controllers/default.py: 0
[2014-08-17 14:37:06] EDIT taratorka/controllers/default.py: 0
[2014-08-17 14:37:06] EDIT taratorka/controllers/default.py: 0
[2014-08-17 14:37:06] EDIT taratorka/controllers/default.py: 0
[2014-08-17 14:37:06] EDIT taratorka/controllers/default.py: 0
[2014-08-17 14:40:28] EDIT taratorka/views/default/posts_manage.html: 0
[2014-08-17 14:40:30] EDIT taratorka/controllers/default.py: 0
[2014-08-17 14:41:37] EDIT taratorka/controllers/default.py: 0
[2014-08-17 14:42:16] EDIT taratorka/controllers/default.py: 0
[2014-08-17 14:42:53] EDIT taratorka/controllers/default.py: 0
[2014-08-17 14:43:59] EDIT taratorka/controllers/default.py: 5
[2014-08-17 14:44:00] EDIT taratorka/controllers/default.py: 0
[2014-08-17 14:44:53] EDIT taratorka/controllers/default.py: -1
[2014-08-17 14:46:07] EDIT taratorka/controllers/default.py: 0
[2014-08-17 14:47:09] EDIT taratorka/controllers/default.py: 0
[2014-08-17 14:47:52] EDIT taratorka/controllers/default.py: 0
[2014-08-17 14:49:47] EDIT taratorka/controllers/default.py: 0
[2014-08-17 14:51:25] EDIT taratorka/controllers/default.py: 0
[2014-08-19 20:26:05] EDIT taratorka/controllers/default.py: 0
[2014-08-19 20:26:50] EDIT taratorka/controllers/default.py: 0
[2014-08-19 20:27:18] EDIT taratorka/controllers/default.py: 0
[2014-08-19 20:28:22] EDIT taratorka/controllers/default.py: 1
[2014-08-19 20:31:28] EDIT taratorka/controllers/default.py: 0
[2014-08-19 20:31:30] EDIT taratorka/controllers/default.py: 0
[2014-08-19 20:31:34] EDIT taratorka/controllers/default.py: 0
[2014-08-19 20:38:48] EDIT taratorka/controllers/default.py: -1
[2014-08-19 20:43:17] EDIT taratorka/controllers/default.py: 2
[2014-08-19 20:43:36] EDIT taratorka/controllers/default.py: 0
[2014-08-19 20:43:37] EDIT taratorka/controllers/default.py: 0
[2014-08-19 20:43:38] EDIT taratorka/controllers/default.py: 0
[2014-08-19 20:43:38] EDIT taratorka/controllers/default.py: 0
[2014-08-19 20:45:08] EDIT taratorka/controllers/default.py: 1
[2014-08-19 20:45:08] EDIT taratorka/controllers/default.py: 0
[2014-08-19 20:46:13] EDIT taratorka/controllers/default.py: 0
[2014-08-19 20:47:02] EDIT taratorka/controllers/default.py: 0
[2014-08-19 20:47:50] EDIT taratorka/controllers/default.py: 0
[2014-08-19 20:49:30] EDIT taratorka/controllers/default.py: 0
[2014-08-19 20:49:31] EDIT taratorka/controllers/default.py: 0
[2014-08-19 20:51:37] EDIT taratorka/controllers/default.py: 0
[2014-08-19 20:55:06] EDIT taratorka/controllers/default.py: 1
[2014-08-19 20:56:28] EDIT taratorka/controllers/default.py: 0
[2014-08-19 20:57:10] EDIT taratorka/controllers/default.py: 0
[2014-08-19 20:57:50] EDIT taratorka/controllers/default.py: 0
[2014-08-19 20:58:28] EDIT taratorka/controllers/default.py: 0
[2014-08-19 20:59:10] EDIT taratorka/controllers/default.py: 1
[2014-08-19 21:02:38] EDIT taratorka/controllers/default.py: 5
[2014-08-19 21:10:22] EDIT taratorka/controllers/default.py: 0
[2014-08-19 21:10:22] EDIT taratorka/controllers/default.py: 0
[2014-08-19 21:10:23] EDIT taratorka/controllers/default.py: 0
[2014-08-19 21:10:42] EDIT taratorka/controllers/default.py: 0
[2014-08-19 21:10:44] EDIT taratorka/controllers/default.py: 0
[2014-08-19 21:10:44] EDIT taratorka/controllers/default.py: 0
[2014-08-19 21:10:51] EDIT taratorka/controllers/default.py: 0
[2014-08-19 21:10:51] EDIT taratorka/controllers/default.py: 0
[2014-08-19 21:12:28] EDIT taratorka/controllers/default.py: 0
[2014-08-19 21:12:29] EDIT taratorka/controllers/default.py: 0
[2014-08-19 21:16:01] EDIT taratorka/controllers/default.py: 0
[2014-08-19 22:10:59] EDIT taratorka/views/default/chat_hannels_manage.html: 0
[2014-08-19 22:19:17] EDIT taratorka/controllers/default.py: 3
[2014-08-19 22:19:17] EDIT taratorka/controllers/default.py: 0
[2014-08-19 22:36:51] EDIT taratorka/views/default/chat_hannels_manage.html: 6
[2014-08-19 22:40:00] EDIT taratorka/views/default/chat_hannels_manage.html: 2
[2014-08-19 22:44:06] EDIT taratorka/controllers/default.py: 1
[2014-08-19 22:47:10] EDIT taratorka/views/default/chat_hannels_manage.html: -3
[2014-08-19 22:47:59] EDIT taratorka/controllers/default.py: 0
[2014-08-19 22:48:36] EDIT taratorka/views/default/chat_hannels_manage.html: 3
[2014-08-19 22:50:26] EDIT taratorka/views/default/chat_hannels_manage.html: -2
[2014-08-19 22:50:49] EDIT taratorka/views/default/chat_hannels_manage.html: 1
[2014-08-19 22:51:13] EDIT taratorka/views/default/chat_hannels_manage.html: 1
[2014-08-19 22:51:13] EDIT taratorka/views/default/chat_hannels_manage.html: 0
[2014-08-19 22:51:13] EDIT taratorka/views/default/chat_hannels_manage.html: 0
[2014-08-19 22:51:18] EDIT taratorka/views/default/chat_hannels_manage.html: 0
[2014-08-19 22:51:26] EDIT taratorka/controllers/default.py: 0
[2014-08-19 22:51:28] EDIT taratorka/controllers/default.py: 0
[2014-08-19 22:51:53] EDIT taratorka/views/default/chat_hannels_manage.html: -3
[2014-08-19 22:51:54] EDIT taratorka/views/default/chat_hannels_manage.html: 0
[2014-08-19 22:51:54] EDIT taratorka/views/default/chat_hannels_manage.html: 0
[2014-08-19 22:52:45] EDIT taratorka/views/default/chat_hannels_manage.html: 3
[2014-08-19 22:52:45] EDIT taratorka/views/default/chat_hannels_manage.html: 0
[2014-08-19 22:52:46] EDIT taratorka/views/default/chat_hannels_manage.html: 0
[2014-08-19 22:52:46] EDIT taratorka/views/default/chat_hannels_manage.html: 0
[2014-08-19 22:53:04] EDIT taratorka/controllers/default.py: 0
[2014-08-19 22:54:47] EDIT taratorka/views/default/chat_hannels_manage.html: -1
[2014-08-19 22:55:10] EDIT taratorka/views/default/chat_hannels_manage.html: 0
[2014-08-19 22:55:11] EDIT taratorka/views/default/chat_hannels_manage.html: 0
[2014-08-19 22:55:11] EDIT taratorka/views/default/chat_hannels_manage.html: 0
[2014-08-19 22:55:11] EDIT taratorka/views/default/chat_hannels_manage.html: 0
[2014-08-19 22:55:11] EDIT taratorka/views/default/chat_hannels_manage.html: 0
[2014-08-19 22:55:11] EDIT taratorka/views/default/chat_hannels_manage.html: 0
[2014-08-19 22:56:54] EDIT taratorka/views/default/chat_hannels_manage.html: -8
[2014-08-19 22:56:54] EDIT taratorka/views/default/chat_hannels_manage.html: 0
[2014-08-19 22:56:54] EDIT taratorka/views/default/chat_hannels_manage.html: 0
[2014-08-19 22:57:54] EDIT taratorka/controllers/default.py: 0
[2014-08-19 23:00:35] EDIT taratorka/controllers/default.py: 0
[2014-08-19 23:04:36] EDIT taratorka/views/default/index.html: 0
[2014-08-19 23:04:36] EDIT taratorka/views/default/index.html: 0
[2014-08-19 23:04:36] EDIT taratorka/views/default/index.html: 0
[2014-08-19 23:07:39] EDIT taratorka/controllers/default.py: 0
[2014-08-19 23:08:11] EDIT taratorka/controllers/default.py: 0
[2014-08-19 23:09:01] EDIT taratorka/controllers/default.py: -2
[2014-08-20 00:14:24] EDIT taratorka/controllers/default.py: 0
[2014-08-20 00:15:16] EDIT taratorka/views/default/chat_channels_manage.html: 9
[2014-08-20 00:18:08] EDIT taratorka/views/default/chat_channels_manage.html: 4
[2014-08-20 00:21:19] EDIT taratorka/views/default/chat_channels_manage.html: 0
[2014-08-20 00:23:45] EDIT taratorka/controllers/default.py: -9
[2014-08-20 00:25:23] EDIT taratorka/controllers/default.py: 0
[2014-08-20 00:25:23] EDIT taratorka/controllers/default.py: 0
[2014-08-20 00:25:50] EDIT taratorka/controllers/default.py: 0
[2014-08-20 00:27:02] EDIT taratorka/controllers/default.py: 0
[2014-08-20 00:28:07] EDIT taratorka/controllers/default.py: 0
[2014-08-20 00:30:30] EDIT taratorka/controllers/default.py: -1
[2014-08-20 00:31:16] EDIT taratorka/controllers/default.py: 0
[2014-08-20 00:37:52] EDIT taratorka/views/default/chat_channels_manage.html: 0
[2014-08-20 00:38:12] EDIT taratorka/views/default/chat_channels_manage.html: 0
[2014-08-20 00:38:18] EDIT taratorka/views/default/chat_channels_manage.html: 0
[2014-08-20 00:38:45] EDIT taratorka/views/default/chat_channels_manage.html: 0
[2014-08-20 00:38:52] EDIT taratorka/views/default/chat_channels_manage.html: 0
[2014-08-20 00:38:52] EDIT taratorka/views/default/chat_channels_manage.html: 0
[2014-08-20 00:38:53] EDIT taratorka/views/default/chat_channels_manage.html: 0
[2014-08-20 00:38:53] EDIT taratorka/views/default/chat_channels_manage.html: 0
[2014-08-20 00:38:53] EDIT taratorka/views/default/chat_channels_manage.html: 0
[2014-08-20 00:38:53] EDIT taratorka/views/default/chat_channels_manage.html: 0
[2014-08-20 00:41:30] EDIT taratorka/views/default/chat_channels_manage.html: 0
[2014-08-20 00:48:39] EDIT taratorka/controllers/default.py: 3
[2014-08-20 00:51:11] EDIT taratorka/controllers/default.py: 3
[2014-08-20 00:51:52] EDIT taratorka/models/menu.py: -1
[2014-08-20 00:54:48] EDIT taratorka/controllers/default.py: 0
[2014-08-20 00:56:10] EDIT taratorka/controllers/default.py: 0
[2014-08-21 13:01:05] EDIT taratorka/views/default/posts_manage.html: 0
[2014-08-21 13:02:13] EDIT taratorka/views/default/posts_manage.html: 0
[2014-08-21 13:02:14] EDIT taratorka/views/default/posts_manage.html: 0
[2014-08-21 13:02:14] EDIT taratorka/views/default/posts_manage.html: 0
[2014-08-21 13:02:14] EDIT taratorka/views/default/posts_manage.html: 0
[2014-08-21 13:03:29] EDIT taratorka/views/default/posts_manage.html: 2
[2014-08-21 13:03:30] EDIT taratorka/views/default/posts_manage.html: 0
[2014-08-21 13:03:30] EDIT taratorka/views/default/posts_manage.html: 0
[2014-08-21 13:03:30] EDIT taratorka/views/default/posts_manage.html: 0
[2014-08-21 13:04:14] EDIT taratorka/views/default/posts_manage.html: 0
[2014-08-21 13:05:08] EDIT taratorka/views/default/posts_manage.html: 0
[2014-08-21 13:16:56] CREATE input_post.py: 0
[2014-08-21 13:17:35] CREATE read_post.py: 0
[2014-08-21 13:17:45] CREATE read_post.py: 0
[2014-08-21 14:05:01] EDIT taratorka/controllers/default.py: 13
[2014-08-21 14:23:01] EDIT taratorka/controllers/default.py: 0
[2014-08-21 14:25:12] EDIT taratorka/controllers/default.py: 1
[2014-08-21 14:25:14] EDIT taratorka/controllers/default.py: 0
[2014-08-21 14:25:52] EDIT taratorka/controllers/default.py: 0
[2014-08-21 14:27:07] EDIT taratorka/views/default/posts_manage.html: 0
[2014-08-21 14:27:07] EDIT taratorka/views/default/posts_manage.html: 0
[2014-08-21 14:27:20] EDIT taratorka/views/default/posts_manage.html: 0
[2014-08-21 14:36:55] EDIT taratorka/views/default/posts_manage.html: 6
[2014-08-21 14:37:34] EDIT taratorka/views/default/posts_manage.html: 0
[2014-08-21 14:37:35] EDIT taratorka/views/default/posts_manage.html: 0
[2014-08-21 14:45:31] EDIT taratorka/views/default/posts_manage.html: 1
[2014-08-21 14:53:12] EDIT taratorka/views/default/posts_manage.html: 0
[2014-08-21 14:53:13] EDIT taratorka/views/default/posts_manage.html: 0
[2014-08-21 14:53:13] EDIT taratorka/views/default/posts_manage.html: 0
[2014-08-21 14:53:13] EDIT taratorka/views/default/posts_manage.html: 0
[2014-08-21 14:53:14] EDIT taratorka/views/default/posts_manage.html: 0
[2014-08-21 14:53:14] EDIT taratorka/views/default/posts_manage.html: 0
[2014-08-21 14:53:14] EDIT taratorka/views/default/posts_manage.html: 0
[2014-08-21 14:53:50] EDIT taratorka/controllers/default.py: 1
[2014-08-21 14:54:33] EDIT taratorka/views/default/posts_manage.html: 0
[2014-08-21 14:54:42] EDIT taratorka/views/default/posts_manage.html: 0
[2014-08-21 14:57:08] EDIT taratorka/views/default/posts_manage.html: 0
[2014-08-21 15:03:13] EDIT taratorka/views/default/posts_manage.html: 0
[2014-08-21 15:03:13] EDIT taratorka/views/default/posts_manage.html: 0
[2014-08-21 15:03:37] EDIT taratorka/views/default/posts_manage.html: 0
[2014-08-21 15:04:26] EDIT taratorka/views/default/posts_manage.html: 0
[2014-08-21 15:06:51] EDIT taratorka/controllers/default.py: 0
[2014-08-21 15:07:09] EDIT taratorka/views/default/posts_manage.html: 0
[2014-08-21 15:07:14] EDIT taratorka/views/default/posts_manage.html: 0
[2014-08-21 15:08:39] EDIT taratorka/views/default/posts_manage.html: 0
[2014-08-21 15:08:45] EDIT taratorka/views/default/posts_manage.html: 0
[2014-08-21 15:09:08] EDIT taratorka/views/default/posts_manage.html: 0
[2014-08-21 15:09:27] EDIT taratorka/views/default/posts_manage.html: 0
[2014-08-21 15:11:23] EDIT taratorka/views/default/posts_manage.html: 0
[2014-08-21 15:11:54] EDIT taratorka/views/default/posts_manage.html: 0
[2014-08-21 15:13:11] EDIT taratorka/controllers/default.py: 1
[2014-08-21 15:14:10] EDIT taratorka/views/default/posts_manage.html: 0
[2014-08-21 15:18:11] EDIT taratorka/views/default/posts_manage.html: 4
[2014-08-21 15:18:47] EDIT taratorka/controllers/default.py: 3
[2014-08-21 15:19:47] EDIT taratorka/controllers/default.py: 1
[2014-08-21 15:23:29] EDIT taratorka/views/default/posts_manage.html: 0
[2014-08-21 15:28:00] EDIT taratorka/views/default/posts_manage.html: 0
[2014-08-21 15:29:09] EDIT taratorka/controllers/default.py: 1
[2014-08-21 15:31:07] EDIT taratorka/views/default/posts_manage.html: 0
[2014-08-21 15:31:32] EDIT taratorka/controllers/default.py: -1
[2014-08-21 15:31:37] EDIT taratorka/controllers/default.py: 0
[2014-08-21 15:33:26] EDIT taratorka/views/default/posts_manage.html: 0
[2014-08-21 15:33:33] EDIT taratorka/views/default/posts_manage.html: 0
[2014-08-21 15:34:06] EDIT taratorka/views/default/posts_manage.html: 0
[2014-08-21 15:34:54] EDIT taratorka/views/default/posts_manage.html: 0
[2014-08-21 15:35:44] EDIT taratorka/views/default/posts_manage.html: 0
[2014-08-21 15:36:15] EDIT taratorka/views/default/posts_manage.html: 0
[2014-08-21 15:38:54] EDIT taratorka/controllers/default.py: 0
[2014-08-21 15:43:09] EDIT taratorka/views/default/posts_manage.html: -1
[2014-08-21 15:47:21] EDIT taratorka/views/default/posts_manage.html: 0
[2014-08-21 15:48:36] EDIT taratorka/controllers/default.py: 0
[2014-08-21 15:50:45] EDIT taratorka/views/default/posts_manage.html: 0
[2014-08-21 15:51:24] EDIT taratorka/controllers/default.py: 0
[2014-08-21 15:51:47] EDIT taratorka/views/default/posts_manage.html: -3
[2014-08-21 15:51:55] EDIT taratorka/views/default/posts_manage.html: 0
[2014-08-21 15:53:19] EDIT taratorka/views/default/posts_manage.html: 0
[2014-08-21 15:54:45] EDIT taratorka/controllers/default.py: 0
[2014-08-21 15:58:40] EDIT taratorka/controllers/default.py: 0
[2014-08-21 16:00:46] EDIT taratorka/controllers/default.py: 0
[2014-08-21 16:00:49] EDIT taratorka/controllers/default.py: 0
[2014-08-21 16:01:54] EDIT taratorka/controllers/default.py: 0
[2014-08-21 16:04:39] EDIT taratorka/controllers/default.py: 1
[2014-08-21 16:04:48] EDIT taratorka/controllers/default.py: 0
[2014-08-21 16:06:41] EDIT taratorka/controllers/default.py: -1
[2014-08-21 16:07:32] EDIT taratorka/views/default/posts_manage.html: 1
[2014-08-21 16:08:20] EDIT taratorka/views/default/posts_manage.html: 0
[2014-08-21 16:09:14] EDIT taratorka/views/default/posts_manage.html: 0
[2014-08-21 16:13:08] EDIT taratorka/controllers/default.py: 0
[2014-08-21 16:16:31] EDIT taratorka/views/default/posts_manage.html: 0
[2014-08-21 16:19:48] EDIT taratorka/views/default/posts_manage.html: 0
[2014-08-21 16:20:15] EDIT taratorka/controllers/default.py: 0
[2014-08-21 16:22:04] EDIT taratorka/views/default/posts_manage.html: 0
[2014-08-21 16:23:38] EDIT taratorka/views/default/posts_manage.html: 0
[2014-08-21 16:23:45] EDIT taratorka/views/default/posts_manage.html: 0
[2014-08-21 16:25:31] EDIT taratorka/controllers/default.py: 0
[2014-08-21 16:26:36] EDIT taratorka/controllers/default.py: 0
[2014-08-21 16:27:57] EDIT taratorka/controllers/default.py: 0
[2014-08-21 16:29:19] EDIT taratorka/controllers/default.py: 0
[2014-08-21 16:30:28] EDIT taratorka/controllers/default.py: 0
[2014-08-21 16:31:19] EDIT taratorka/views/default/posts_manage.html: 0
[2014-08-21 16:31:28] EDIT taratorka/views/default/posts_manage.html: 0
[2014-08-21 16:33:53] EDIT taratorka/controllers/default.py: 1
[2014-08-21 16:35:08] EDIT taratorka/views/default/posts_manage.html: 0
[2014-08-21 16:36:12] EDIT taratorka/controllers/default.py: 0
[2014-08-21 16:36:52] EDIT taratorka/controllers/default.py: 0
[2014-08-21 16:40:03] EDIT taratorka/views/default/posts_manage.html: 0
[2014-08-21 16:42:02] EDIT taratorka/controllers/default.py: -1
[2014-08-21 16:42:44] EDIT taratorka/controllers/default.py: 0
[2014-08-21 16:46:44] EDIT taratorka/views/default/posts_manage.html: 0
[2014-08-21 16:49:11] EDIT taratorka/views/default/posts_manage.html: 0
[2014-08-21 16:54:51] EDIT taratorka/controllers/default.py: 0
[2014-08-21 16:55:02] EDIT taratorka/controllers/default.py: 0
[2014-08-21 16:57:14] EDIT taratorka/controllers/default.py: 1
[2014-08-21 16:59:53] EDIT taratorka/controllers/default.py: 1
[2014-08-21 17:01:22] EDIT taratorka/controllers/default.py: 1
[2014-08-21 17:01:23] EDIT taratorka/controllers/default.py: 0
[2014-08-21 17:01:24] EDIT taratorka/controllers/default.py: 0
[2014-08-21 17:01:45] EDIT taratorka/controllers/default.py: -2
[2014-08-21 17:02:38] EDIT taratorka/controllers/default.py: 0
[2014-08-21 17:03:11] EDIT taratorka/controllers/default.py: 0
[2014-08-21 17:03:55] EDIT taratorka/controllers/default.py: 0
[2014-08-21 17:04:21] EDIT taratorka/controllers/default.py: 0
[2014-08-21 17:06:26] EDIT taratorka/controllers/default.py: 1
[2014-08-21 17:10:35] EDIT taratorka/controllers/default.py: -3
[2014-08-21 17:11:24] EDIT taratorka/views/default/posts_manage.html: -1
[2014-08-21 17:12:04] EDIT taratorka/controllers/default.py: 1
[2014-08-21 17:12:42] EDIT taratorka/views/default/posts_manage.html: -1
[2014-08-21 17:16:38] EDIT taratorka/controllers/default.py: 0
[2014-08-21 17:17:41] EDIT taratorka/controllers/default.py: 0
[2014-08-21 17:19:14] EDIT taratorka/views/default/posts_manage.html: 0
[2014-08-21 17:21:37] EDIT taratorka/views/default/posts_manage.html: 0
[2014-08-21 17:23:13] EDIT taratorka/views/default/posts_manage.html: -2
[2014-08-21 17:23:14] EDIT taratorka/views/default/posts_manage.html: 0
[2014-08-21 17:23:51] EDIT taratorka/views/default/posts_manage.html: 0
[2014-08-21 17:25:14] EDIT taratorka/views/default/posts_manage.html: 0
[2014-08-21 17:26:39] EDIT taratorka/views/default/posts_manage.html: 0
[2014-08-21 17:27:33] EDIT taratorka/views/default/posts_manage.html: 0
[2014-08-21 17:33:37] EDIT taratorka/views/default/posts_manage.html: 0
[2014-08-21 17:36:41] EDIT taratorka/views/default/posts_manage.html: 0
[2014-08-21 17:36:51] EDIT taratorka/views/default/posts_manage.html: 0
[2014-08-21 17:38:03] EDIT taratorka/controllers/default.py: -2
[2014-08-21 17:46:58] EDIT taratorka/controllers/default.py: 2
[2014-08-21 17:50:09] EDIT taratorka/views/default/posts_manage.html: 8
[2014-08-21 17:51:45] EDIT taratorka/controllers/default.py: 0
[2014-08-21 17:56:25] EDIT taratorka/views/default/posts_manage.html: 0
[2014-08-21 17:56:35] EDIT taratorka/views/default/posts_manage.html: 0
[2014-08-21 17:57:36] EDIT taratorka/controllers/default.py: 1
[2014-08-21 18:00:10] EDIT taratorka/controllers/default.py: 3
[2014-08-21 18:02:24] EDIT taratorka/controllers/default.py: 0
[2014-08-21 18:03:03] EDIT taratorka/controllers/default.py: 0
[2014-08-21 19:35:12] EDIT taratorka/controllers/default.py: 0
[2014-08-21 19:37:11] EDIT taratorka/views/default/posts_manage.html: -2
[2014-08-21 19:38:25] EDIT taratorka/views/default/posts_manage.html: 1
[2014-08-21 19:40:53] EDIT taratorka/views/default/posts_manage.html: 0
[2014-08-21 19:40:59] EDIT taratorka/views/default/posts_manage.html: 0
[2014-08-21 19:41:46] EDIT taratorka/views/default/posts_manage.html: 0
[2014-08-21 19:43:29] EDIT taratorka/views/default/posts_manage.html: 0
[2014-08-21 19:44:30] EDIT taratorka/views/default/posts_manage.html: 0
[2014-08-21 19:49:26] EDIT taratorka/views/default/posts_manage.html: 0
[2014-08-21 19:49:31] EDIT taratorka/views/default/posts_manage.html: 0
[2014-08-21 19:51:46] EDIT taratorka/views/default/posts_manage.html: 0
[2014-08-21 19:53:11] EDIT taratorka/views/default/posts_manage.html: -1
[2014-08-21 19:54:20] EDIT taratorka/views/default/posts_manage.html: 0
[2014-08-21 19:54:21] EDIT taratorka/views/default/posts_manage.html: 0
[2014-08-21 19:54:21] EDIT taratorka/views/default/posts_manage.html: 0
[2014-08-21 19:55:38] EDIT taratorka/views/default/posts_manage.html: -1
[2014-08-21 19:56:43] EDIT taratorka/views/default/posts_manage.html: 1
[2014-08-21 19:56:44] EDIT taratorka/views/default/posts_manage.html: 0
[2014-08-21 19:59:38] EDIT taratorka/controllers/default.py: 0
[2014-08-21 20:00:42] EDIT taratorka/controllers/default.py: 0
[2014-08-21 20:00:46] EDIT taratorka/controllers/default.py: 0
[2014-08-21 20:02:12] EDIT taratorka/views/default/posts_manage.html: 0
[2014-08-21 20:03:34] EDIT taratorka/controllers/default.py: 0
[2014-08-21 20:05:03] EDIT taratorka/views/default/posts_manage.html: 0
[2014-08-21 20:05:23] EDIT taratorka/controllers/default.py: 0
[2014-08-21 20:05:30] EDIT taratorka/controllers/default.py: 0
[2014-08-21 20:06:22] EDIT taratorka/views/default/posts_manage.html: -9
[2014-08-21 20:06:37] EDIT taratorka/controllers/default.py: -2
[2014-08-21 20:07:57] EDIT taratorka/views/default/posts_manage.html: 0
[2014-08-21 20:10:02] EDIT taratorka/views/default/posts_manage.html: 0
[2014-08-21 20:10:40] EDIT taratorka/views/default/posts_manage.html: 0
[2014-08-21 20:11:08] EDIT taratorka/views/default/posts_manage.html: 0
[2014-08-21 20:11:31] EDIT taratorka/views/default/posts_manage.html: 0
[2014-08-21 20:13:48] EDIT taratorka/views/default/posts_manage.html: 0
[2014-08-21 20:17:04] EDIT taratorka/views/default/posts_manage.html: 4
[2014-08-21 20:17:51] EDIT taratorka/views/default/posts_manage.html: -3
[2014-08-21 20:18:03] EDIT taratorka/views/default/posts_manage.html: 0
[2014-08-21 20:18:03] EDIT taratorka/views/default/posts_manage.html: 0
[2014-08-21 20:18:04] EDIT taratorka/views/default/posts_manage.html: 0
[2014-08-21 20:18:15] EDIT taratorka/views/default/posts_manage.html: -1
[2014-08-21 20:20:18] EDIT taratorka/controllers/default.py: 0
[2014-08-21 20:21:00] EDIT taratorka/controllers/default.py: 0
[2014-08-21 20:21:10] EDIT taratorka/controllers/default.py: 0
[2014-08-21 20:26:15] EDIT taratorka/controllers/default.py: 0
[2014-08-21 20:26:57] EDIT taratorka/controllers/default.py: 0
[2014-08-21 20:28:52] EDIT taratorka/controllers/default.py: 1
[2014-08-21 20:35:27] EDIT taratorka/controllers/default.py: 0
[2014-08-21 20:35:30] EDIT taratorka/controllers/default.py: 0
[2014-08-21 20:36:07] EDIT taratorka/controllers/default.py: 0
[2014-08-21 20:37:05] EDIT taratorka/controllers/default.py: 0
[2014-08-21 20:37:25] EDIT taratorka/controllers/default.py: 0
[2014-08-21 20:38:51] EDIT taratorka/controllers/default.py: 0
[2014-08-21 20:41:24] EDIT taratorka/views/default/posts_manage.html: 5
[2014-08-21 20:42:24] EDIT taratorka/views/default/posts_manage.html: 0
[2014-08-21 20:45:40] EDIT taratorka/views/default/posts_manage.html: 1
[2014-08-21 20:45:47] EDIT taratorka/views/default/posts_manage.html: 0
[2014-08-21 20:52:13] EDIT taratorka/controllers/default.py: 0
[2014-08-21 20:52:21] EDIT taratorka/controllers/default.py: 0
[2014-08-21 20:53:25] EDIT taratorka/views/default/posts_manage.html: 0
[2014-08-21 21:05:09] EDIT taratorka/controllers/default.py: 11
[2014-08-21 21:14:27] EDIT taratorka/controllers/default.py: 0
[2014-08-21 21:15:19] EDIT taratorka/controllers/default.py: 0
[2014-08-21 21:15:46] EDIT taratorka/controllers/default.py: 0
[2014-08-21 21:15:48] EDIT taratorka/views/default/posts_manage.html: 3
[2014-08-21 21:16:29] EDIT taratorka/views/default/posts_manage.html: 0
[2014-08-21 21:17:27] EDIT taratorka/controllers/default.py: 0
[2014-08-21 21:19:04] EDIT taratorka/controllers/default.py: 0
[2014-08-21 21:21:30] EDIT taratorka/controllers/default.py: 0
[2014-08-21 21:27:59] EDIT taratorka/controllers/default.py: 0
[2014-08-21 21:28:00] EDIT taratorka/controllers/default.py: 0
[2014-08-21 21:28:52] EDIT taratorka/controllers/default.py: 0
[2014-08-21 21:31:20] EDIT taratorka/controllers/default.py: 0
[2014-08-21 21:33:44] EDIT taratorka/controllers/default.py: 0
[2014-08-21 21:34:12] EDIT taratorka/controllers/default.py: 0
[2014-08-21 21:34:35] EDIT taratorka/controllers/default.py: 0
[2014-08-21 21:35:42] EDIT taratorka/controllers/default.py: 0
[2014-08-21 21:35:44] EDIT taratorka/controllers/default.py: 0
[2014-08-21 21:36:58] EDIT taratorka/views/default/posts_manage.html: 0
[2014-08-21 21:38:02] EDIT taratorka/controllers/default.py: 0
[2014-08-21 21:41:41] EDIT taratorka/views/default/posts_manage.html: 0
[2014-08-21 21:42:04] EDIT taratorka/views/default/posts_manage.html: 0
[2014-08-21 22:05:28] EDIT taratorka/views/default/posts_manage.html: 0
[2014-08-21 22:09:08] EDIT taratorka/views/default/posts_manage.html: 1
[2014-08-21 22:11:30] EDIT taratorka/views/default/posts_manage.html: 1
[2014-08-21 22:13:30] EDIT taratorka/controllers/default.py: 0
[2014-08-21 22:14:37] EDIT taratorka/controllers/default.py: 0
[2014-08-21 22:15:15] EDIT taratorka/controllers/default.py: 0
